<?xml version="1.0" encoding="UTF-8"?>
<robot generator="Robot 5.0 (Python 3.9.7 on win32)" generated="20220328 12:15:48.873" rpa="false" schemaversion="3">
<suite id="s1" name="SpeedTest" source="C:\Users\rully\PycharmProjects\TestProject\TestCases\SpeedTest.robot">
<test id="s1-t1" name="RegTest" line="5">
<kw name="Get Selenium Speed" library="SeleniumLibrary">
<var>${speed}</var>
<doc>Gets the delay that is waited after each Selenium command.</doc>
<msg timestamp="20220328 12:15:49.061" level="INFO">${speed} = 0 seconds</msg>
<status status="PASS" starttime="20220328 12:15:49.061" endtime="20220328 12:15:49.061"/>
</kw>
<kw name="Log To Console" library="BuiltIn">
<arg>${speed}</arg>
<doc>Logs the given message to the console.</doc>
<status status="PASS" starttime="20220328 12:15:49.061" endtime="20220328 12:15:49.061"/>
</kw>
<kw name="Open Browser" library="SeleniumLibrary">
<arg>http://10.140.81.3/SiSDAE/login.html</arg>
<arg>chrome</arg>
<doc>Opens a new browser instance to the optional ``url``.</doc>
<msg timestamp="20220328 12:15:49.061" level="INFO">Opening browser 'chrome' to base url 'http://10.140.81.3/SiSDAE/login.html'.</msg>
<status status="PASS" starttime="20220328 12:15:49.061" endtime="20220328 12:15:50.406"/>
</kw>
<kw name="Maximize Browser Window" library="SeleniumLibrary">
<doc>Maximizes current browser window.</doc>
<status status="PASS" starttime="20220328 12:15:50.406" endtime="20220328 12:15:50.560"/>
</kw>
<kw name="Set Selenium Speed" library="SeleniumLibrary">
<arg>1 seconds</arg>
<doc>Sets the delay that is waited after each Selenium command.</doc>
<status status="PASS" starttime="20220328 12:15:50.560" endtime="20220328 12:15:50.560"/>
</kw>
<kw name="Input Text" library="SeleniumLibrary">
<arg>xpath:/html/body/div/div/div[1]/div/div/div[1]/div[2]/div/form/div[1]/input</arg>
<arg>rullyromero@hotmail.com</arg>
<doc>Types the given ``text`` into the text field identified by ``locator``.</doc>
<msg timestamp="20220328 12:15:50.560" level="INFO">Typing text 'rullyromero@hotmail.com' into text field 'xpath:/html/body/div/div/div[1]/div/div/div[1]/div[2]/div/form/div[1]/input'.</msg>
<status status="PASS" starttime="20220328 12:15:50.560" endtime="20220328 12:15:53.668"/>
</kw>
<kw name="Input Text" library="SeleniumLibrary">
<arg>xpath:/html/body/div/div/div[1]/div/div/div[1]/div[2]/div/form/div[2]/input</arg>
<arg>1234567</arg>
<doc>Types the given ``text`` into the text field identified by ``locator``.</doc>
<msg timestamp="20220328 12:15:53.668" level="INFO">Typing text '1234567' into text field 'xpath:/html/body/div/div/div[1]/div/div/div[1]/div[2]/div/form/div[2]/input'.</msg>
<status status="PASS" starttime="20220328 12:15:53.668" endtime="20220328 12:15:56.739"/>
</kw>
<kw name="Click Button" library="SeleniumLibrary">
<arg>xpath:/html/body/div/div/div[1]/div/div/div[1]/div[2]/div/form/button</arg>
<doc>Clicks the button identified by ``locator``.</doc>
<msg timestamp="20220328 12:15:56.739" level="INFO">Clicking button 'xpath:/html/body/div/div/div[1]/div/div/div[1]/div[2]/div/form/button'.</msg>
<msg timestamp="20220328 12:16:24.144" level="WARN">Keyword 'Capture Page Screenshot' could not be run on failure: Message: chrome not reachable
  (Session info: chrome=99.0.4844.84)
</msg>
<msg timestamp="20220328 12:16:24.144" level="FAIL">WebDriverException: Message: chrome not reachable
  (Session info: chrome=99.0.4844.84)
</msg>
<status status="FAIL" starttime="20220328 12:15:56.739" endtime="20220328 12:16:24.144"/>
</kw>
<kw name="Log To Console" library="BuiltIn">
<arg>${speed}</arg>
<doc>Logs the given message to the console.</doc>
<status status="NOT RUN" starttime="20220328 12:16:24.144" endtime="20220328 12:16:24.144"/>
</kw>
<status status="FAIL" starttime="20220328 12:15:49.061" endtime="20220328 12:16:24.144">WebDriverException: Message: chrome not reachable
  (Session info: chrome=99.0.4844.84)
</status>
</test>
<status status="FAIL" starttime="20220328 12:15:48.873" endtime="20220328 12:16:24.144"/>
</suite>
<statistics>
<total>
<stat pass="0" fail="1" skip="0">All Tests</stat>
</total>
<tag>
</tag>
<suite>
<stat pass="0" fail="1" skip="0" id="s1" name="SpeedTest">SpeedTest</stat>
</suite>
</statistics>
<errors>
<msg timestamp="20220328 12:16:24.144" level="WARN">Keyword 'Capture Page Screenshot' could not be run on failure: Message: chrome not reachable
  (Session info: chrome=99.0.4844.84)
</msg>
</errors>
</robot>
